<?xml version="1.0" encoding="UTF-8"?>
<testsuite name="net.wglee.web.user.controller.UserControllerTest" tests="3" skipped="3" failures="0" errors="0" timestamp="2014-08-25T15:31:04" hostname="SKP1002371MN001.local" time="0.0">
  <properties/>
  <testcase name="testShowRegistForm" classname="net.wglee.web.user.controller.UserControllerTest" time="0.0">
    <skipped/>
  </testcase>
  <testcase name="testShowLoginForm" classname="net.wglee.web.user.controller.UserControllerTest" time="0.0">
    <skipped/>
  </testcase>
  <testcase name="testRegist" classname="net.wglee.web.user.controller.UserControllerTest" time="0.0">
    <skipped/>
  </testcase>
  <system-out><![CDATA[]]></system-out>
  <system-err><![CDATA[]]></system-err>
</testsuite>
