<?xml version="1.0" encoding="UTF-8"?>
<testsuite name="net.wglee.user.service.UserServiceTest" tests="1" skipped="0" failures="0" errors="0" timestamp="2014-08-25T15:30:56" hostname="SKP1002371MN001.local" time="7.931">
  <properties/>
  <testcase name="testAdddUser" classname="net.wglee.user.service.UserServiceTest" time="7.931"/>
  <system-out><![CDATA[Hibernate: 
    drop table User if exists
Hibernate: 
    create table User (
        id integer generated by default as identity,
        email varchar(255),
        password varchar(255),
        roles varchar(255),
        username varchar(255),
        primary key (id)
    )
Hibernate: 
    drop table User if exists
Hibernate: 
    create table User (
        id integer generated by default as identity,
        email varchar(255),
        password varchar(255),
        roles varchar(255),
        username varchar(255),
        primary key (id)
    )
Hibernate: 
    /* insert net.wglee.user.model.User
        */ insert 
        into
            User
            (id, email, password, roles, username) 
        values
            (null, ?, ?, ?, ?)
]]></system-out>
  <system-err><![CDATA[SLF4J: Failed to load class "org.slf4j.impl.StaticLoggerBinder".
SLF4J: Defaulting to no-operation (NOP) logger implementation
SLF4J: See http://www.slf4j.org/codes.html#StaticLoggerBinder for further details.
8월 26, 2014 12:30:57 오전 org.hibernate.ejb.HibernatePersistence logDeprecation
WARN: HHH015016: Encountered a deprecated javax.persistence.spi.PersistenceProvider [org.hibernate.ejb.HibernatePersistence]; use [org.hibernate.jpa.HibernatePersistenceProvider] instead.
8월 26, 2014 12:30:57 오전 org.hibernate.jpa.internal.util.LogHelper logPersistenceUnitInformation
INFO: HHH000204: Processing PersistenceUnitInfo [
	name: default
	...]
8월 26, 2014 12:30:57 오전 org.hibernate.Version logVersion
INFO: HHH000412: Hibernate Core {4.3.6.Final}
8월 26, 2014 12:30:57 오전 org.hibernate.cfg.Environment <clinit>
INFO: HHH000206: hibernate.properties not found
8월 26, 2014 12:30:57 오전 org.hibernate.cfg.Environment buildBytecodeProvider
INFO: HHH000021: Bytecode provider name : javassist
8월 26, 2014 12:30:57 오전 org.hibernate.annotations.common.reflection.java.JavaReflectionManager <clinit>
INFO: HCANN000001: Hibernate Commons Annotations {4.0.5.Final}
8월 26, 2014 12:30:58 오전 org.hibernate.dialect.Dialect <init>
INFO: HHH000400: Using dialect: org.hibernate.dialect.H2Dialect
8월 26, 2014 12:30:58 오전 org.hibernate.hql.internal.ast.ASTQueryTranslatorFactory <init>
INFO: HHH000397: Using ASTQueryTranslatorFactory
8월 26, 2014 12:30:58 오전 org.hibernate.tool.hbm2ddl.SchemaExport execute
INFO: HHH000227: Running hbm2ddl schema export
8월 26, 2014 12:30:58 오전 org.hibernate.tool.hbm2ddl.SchemaExport execute
INFO: HHH000230: Schema export complete
8월 26, 2014 12:30:58 오전 org.hibernate.ejb.HibernatePersistence logDeprecation
WARN: HHH015016: Encountered a deprecated javax.persistence.spi.PersistenceProvider [org.hibernate.ejb.HibernatePersistence]; use [org.hibernate.jpa.HibernatePersistenceProvider] instead.
8월 26, 2014 12:30:58 오전 org.hibernate.jpa.internal.util.LogHelper logPersistenceUnitInformation
INFO: HHH000204: Processing PersistenceUnitInfo [
	name: default
	...]
8월 26, 2014 12:30:58 오전 org.hibernate.dialect.Dialect <init>
INFO: HHH000400: Using dialect: org.hibernate.dialect.H2Dialect
8월 26, 2014 12:30:58 오전 org.hibernate.hql.internal.ast.ASTQueryTranslatorFactory <init>
INFO: HHH000397: Using ASTQueryTranslatorFactory
8월 26, 2014 12:30:58 오전 org.hibernate.tool.hbm2ddl.SchemaExport execute
INFO: HHH000227: Running hbm2ddl schema export
8월 26, 2014 12:30:58 오전 org.hibernate.tool.hbm2ddl.SchemaExport execute
INFO: HHH000230: Schema export complete
8월 26, 2014 12:30:58 오전 org.hibernate.jpa.internal.EntityManagerFactoryRegistry addEntityManagerFactory
WARN: HHH000436: Entity manager factory name (default) is already registered.  If entity manager will be clustered or passivated, specify a unique value for property 'hibernate.ejb.entitymanager_factory_name'
]]></system-err>
</testsuite>
